[33mCMake Warning at CMakeLists.txt:27 (message):
  ydlidar_sdk package found, but no target exported; falling back to manual
  link

[0m
[33mCMake Warning:
  Manually-specified variables were not used by the project:

    CATKIN_INSTALL_INTO_PREFIX_ROOT

[0m
[01m[K/home/potato/ws/src/gs2_publisher/src/gs2_node.cpp:150:24:[m[K [01;31m[Kerror: [m[Kâ€˜[01m[Knode_info[m[Kâ€™ is not a member of â€˜[01m[Kydlidar[m[Kâ€™; did you mean â€˜[01m[Knode_info[m[Kâ€™?
  150 |   std::vector<ydlidar::[01;31m[Knode_info[m[K> nodes_;
      |                        [01;31m[K^~~~~~~~~[m[K
In file included from [01m[K/usr/local/include/src/GSLidarDriver.h:59[m[K,
                 from [01m[K/home/potato/ws/src/gs2_publisher/src/gs2_node.cpp:5[m[K:
[01m[K/usr/local/include/core/common/ydlidar_protocol.h:204:8:[m[K [01;36m[Knote: [m[Kâ€˜[01m[Knode_info[m[Kâ€™ declared here
  204 | struct [01;36m[Knode_info[m[K {
      |        [01;36m[K^~~~~~~~~[m[K
[01m[K/home/potato/ws/src/gs2_publisher/src/gs2_node.cpp:150:33:[m[K [01;31m[Kerror: [m[Ktemplate argument 1 is invalid
  150 |   std::vector<ydlidar::node_info[01;31m[K>[m[K nodes_;
      |                                 [01;31m[K^[m[K
[01m[K/home/potato/ws/src/gs2_publisher/src/gs2_node.cpp:150:33:[m[K [01;31m[Kerror: [m[Ktemplate argument 2 is invalid
In file included from [01m[K/usr/local/include/core/base/v8stdint.h:3[m[K,
                 from [01m[K/usr/local/include/core/serial/serial.h:9[m[K,
                 from [01m[K/usr/local/include/src/GSLidarDriver.h:56[m[K:
[01m[K/home/potato/ws/src/gs2_publisher/src/gs2_node.cpp:[m[K In constructor â€˜[01m[KNodeGS::[01;32m[KNodeGS[m[K()[m[Kâ€™:
[01m[K/home/potato/ws/src/gs2_publisher/src/gs2_node.cpp:43:39:[m[K [01;31m[Kerror: [m[Kexpected unqualified-id before numeric constant
   43 |     if (drv_->startScan() != ydlidar::[01;31m[KRESULT_OK[m[K) {
      |                                       [01;31m[K^~~~~~~~~[m[K
[01m[K/home/potato/ws/src/gs2_publisher/src/gs2_node.cpp:43:39:[m[K [01;31m[Kerror: [m[Kexpected â€˜[01m[K)[m[Kâ€™ before numeric constant
[01m[K/home/potato/ws/src/gs2_publisher/src/gs2_node.cpp:43:8:[m[K [01;36m[Knote: [m[Kto match this â€˜[01m[K([m[Kâ€™
   43 |     if [01;36m[K([m[Kdrv_->startScan() != ydlidar::RESULT_OK) {
      |        [01;36m[K^[m[K
[01m[K/home/potato/ws/src/gs2_publisher/src/gs2_node.cpp:48:12:[m[K [01;31m[Kerror: [m[Krequest for member â€˜[01m[Kresize[m[Kâ€™ in â€˜[01m[K((NodeGS*)this)->NodeGS::nodes_[m[Kâ€™, which is of non-class type â€˜[01m[Kint[m[Kâ€™
   48 |     nodes_.[01;31m[Kresize[m[K(8192);
      |            [01;31m[K^~~~~~[m[K
[01m[K/home/potato/ws/src/gs2_publisher/src/gs2_node.cpp:[m[K In member function â€˜[01m[Kvoid NodeGS::[01;32m[Ktick[m[K()[m[Kâ€™:
[01m[K/home/potato/ws/src/gs2_publisher/src/gs2_node.cpp:66:27:[m[K [01;31m[Kerror: [m[Krequest for member â€˜[01m[Ksize[m[Kâ€™ in â€˜[01m[K((NodeGS*)this)->NodeGS::nodes_[m[Kâ€™, which is of non-class type â€˜[01m[Kint[m[Kâ€™
   66 |     size_t count = nodes_.[01;31m[Ksize[m[K();
      |                           [01;31m[K^~~~[m[K
[01m[K/home/potato/ws/src/gs2_publisher/src/gs2_node.cpp:68:35:[m[K [01;31m[Kerror: [m[Krequest for member â€˜[01m[Kdata[m[Kâ€™ in â€˜[01m[K((NodeGS*)this)->NodeGS::nodes_[m[Kâ€™, which is of non-class type â€˜[01m[Kint[m[Kâ€™
   68 |     if (drv_->grabScanData(nodes_.[01;31m[Kdata[m[K(), count, 200) != ydlidar::RESULT_OK) return;
      |                                   [01;31m[K^~~~[m[K
[01m[K/home/potato/ws/src/gs2_publisher/src/gs2_node.cpp:68:67:[m[K [01;31m[Kerror: [m[Kexpected unqualified-id before numeric constant
   68 |     if (drv_->grabScanData(nodes_.data(), count, 200) != ydlidar::[01;31m[KRESULT_OK[m[K) return;
      |                                                                   [01;31m[K^~~~~~~~~[m[K
[01m[K/home/potato/ws/src/gs2_publisher/src/gs2_node.cpp:68:67:[m[K [01;31m[Kerror: [m[Kexpected â€˜[01m[K)[m[Kâ€™ before numeric constant
[01m[K/home/potato/ws/src/gs2_publisher/src/gs2_node.cpp:68:8:[m[K [01;36m[Knote: [m[Kto match this â€˜[01m[K([m[Kâ€™
   68 |     if [01;36m[K([m[Kdrv_->grabScanData(nodes_.data(), count, 200) != ydlidar::RESULT_OK) return;
      |        [01;36m[K^[m[K
[01m[K/home/potato/ws/src/gs2_publisher/src/gs2_node.cpp:71:33:[m[K [01;31m[Kerror: [m[Krequest for member â€˜[01m[Kdata[m[Kâ€™ in â€˜[01m[K((NodeGS*)this)->NodeGS::nodes_[m[Kâ€™, which is of non-class type â€˜[01m[Kint[m[Kâ€™
   71 |     drv_->ascendScanData(nodes_.[01;31m[Kdata[m[K(), count);
      |                                 [01;31m[K^~~~[m[K
[01m[K/home/potato/ws/src/gs2_publisher/src/gs2_node.cpp:89:31:[m[K [01;31m[Kerror: [m[Kinvalid types â€˜[01m[Kint[size_t {aka long unsigned int}][m[Kâ€™ for array subscript
   89 |         const auto &n = nodes_[01;31m[K[[m[Ki];
      |                               [01;31m[K^[m[K
[01m[K/home/potato/ws/src/gs2_publisher/src/gs2_node.cpp:117:31:[m[K [01;31m[Kerror: [m[Kinvalid types â€˜[01m[Kint[size_t {aka long unsigned int}][m[Kâ€™ for array subscript
  117 |         const auto &n = nodes_[01;31m[K[[m[Ki];
      |                               [01;31m[K^[m[K
gmake[2]: *** [CMakeFiles/gs2_node.dir/build.make:76: CMakeFiles/gs2_node.dir/src/gs2_node.cpp.o] Error 1
gmake[1]: *** [CMakeFiles/Makefile2:137: CMakeFiles/gs2_node.dir/all] Error 2
gmake: *** [Makefile:146: all] Error 2
