[0.024s] Invoking command in '/home/potato/ws/build/gs2_publisher': /usr/bin/cmake /home/potato/ws/src/gs2_publisher -DCATKIN_INSTALL_INTO_PREFIX_ROOT=0 -DCMAKE_INSTALL_PREFIX=/home/potato/ws/install/gs2_publisher
[0.761s] -- The C compiler identification is GNU 13.3.0
[1.231s] -- The CXX compiler identification is GNU 13.3.0
[1.272s] -- Detecting C compiler ABI info
[1.476s] -- Detecting C compiler ABI info - done
[1.491s] -- Check for working C compiler: /usr/bin/cc - skipped
[1.492s] -- Detecting C compile features
[1.493s] -- Detecting C compile features - done
[1.510s] -- Detecting CXX compiler ABI info
[1.702s] -- Detecting CXX compiler ABI info - done
[1.718s] -- Check for working CXX compiler: /usr/bin/c++ - skipped
[1.718s] -- Detecting CXX compile features
[1.719s] -- Detecting CXX compile features - done
[1.727s] -- Found ament_cmake: 2.5.4 (/opt/ros/jazzy/share/ament_cmake/cmake)
[1.977s] -- Found Python3: /usr/bin/python3 (found version "3.12.3") found components: Interpreter 
[2.197s] -- Found rclcpp: 28.1.12 (/opt/ros/jazzy/share/rclcpp/cmake)
[2.279s] -- Found rosidl_generator_c: 4.6.6 (/opt/ros/jazzy/share/rosidl_generator_c/cmake)
[2.306s] -- Found rosidl_generator_cpp: 4.6.6 (/opt/ros/jazzy/share/rosidl_generator_cpp/cmake)
[2.351s] -- Using all available rosidl_typesupport_c: rosidl_typesupport_fastrtps_c;rosidl_typesupport_introspection_c
[2.389s] -- Using all available rosidl_typesupport_cpp: rosidl_typesupport_fastrtps_cpp;rosidl_typesupport_introspection_cpp
[2.546s] -- Found rmw_implementation_cmake: 7.3.2 (/opt/ros/jazzy/share/rmw_implementation_cmake/cmake)
[2.553s] -- Found rmw_cyclonedds_cpp: 2.2.3 (/opt/ros/jazzy/share/rmw_cyclonedds_cpp/cmake)
[2.619s] -- Using RMW implementation 'rmw_cyclonedds_cpp' as default
[2.757s] -- Found sensor_msgs: 5.3.6 (/opt/ros/jazzy/share/sensor_msgs/cmake)
[2.877s] -- Performing Test CMAKE_HAVE_LIBC_PTHREAD
[3.095s] -- Performing Test CMAKE_HAVE_LIBC_PTHREAD - Success
[3.097s] -- Found Threads: TRUE  
[3.101s] -- Found ydlidar_sdk package
[3.101s] [33mCMake Warning at CMakeLists.txt:27 (message):
[3.101s]   ydlidar_sdk package found, but no target exported; falling back to manual
[3.101s]   link
[3.101s] 
[3.101s] [0m
[3.260s] -- Configuring done (3.1s)
[3.278s] -- Generating done (0.0s)
[3.280s] [33mCMake Warning:
[3.280s]   Manually-specified variables were not used by the project:
[3.280s] 
[3.280s]     CATKIN_INSTALL_INTO_PREFIX_ROOT
[3.280s] 
[3.280s] [0m
[3.284s] -- Build files have been written to: /home/potato/ws/build/gs2_publisher
[3.302s] Invoked command in '/home/potato/ws/build/gs2_publisher' returned '0': /usr/bin/cmake /home/potato/ws/src/gs2_publisher -DCATKIN_INSTALL_INTO_PREFIX_ROOT=0 -DCMAKE_INSTALL_PREFIX=/home/potato/ws/install/gs2_publisher
[3.305s] Invoking command in '/home/potato/ws/build/gs2_publisher': /usr/bin/cmake --build /home/potato/ws/build/gs2_publisher -- -j4 -l4
[3.394s] [ 50%] [32mBuilding CXX object CMakeFiles/gs2_node.dir/src/gs2_node.cpp.o[0m
[7.852s] [01m[K/home/potato/ws/src/gs2_publisher/src/gs2_node.cpp:150:24:[m[K [01;31m[Kerror: [m[Kâ€˜[01m[Knode_info[m[Kâ€™ is not a member of â€˜[01m[Kydlidar[m[Kâ€™; did you mean â€˜[01m[Knode_info[m[Kâ€™?
[7.852s]   150 |   std::vector<ydlidar::[01;31m[Knode_info[m[K> nodes_;
[7.852s]       |                        [01;31m[K^~~~~~~~~[m[K
[7.852s] In file included from [01m[K/usr/local/include/src/GSLidarDriver.h:59[m[K,
[7.852s]                  from [01m[K/home/potato/ws/src/gs2_publisher/src/gs2_node.cpp:5[m[K:
[7.852s] [01m[K/usr/local/include/core/common/ydlidar_protocol.h:204:8:[m[K [01;36m[Knote: [m[Kâ€˜[01m[Knode_info[m[Kâ€™ declared here
[7.853s]   204 | struct [01;36m[Knode_info[m[K {
[7.853s]       |        [01;36m[K^~~~~~~~~[m[K
[7.853s] [01m[K/home/potato/ws/src/gs2_publisher/src/gs2_node.cpp:150:33:[m[K [01;31m[Kerror: [m[Ktemplate argument 1 is invalid
[7.853s]   150 |   std::vector<ydlidar::node_info[01;31m[K>[m[K nodes_;
[7.853s]       |                                 [01;31m[K^[m[K
[7.853s] [01m[K/home/potato/ws/src/gs2_publisher/src/gs2_node.cpp:150:33:[m[K [01;31m[Kerror: [m[Ktemplate argument 2 is invalid
[7.861s] In file included from [01m[K/usr/local/include/core/base/v8stdint.h:3[m[K,
[7.862s]                  from [01m[K/usr/local/include/core/serial/serial.h:9[m[K,
[7.862s]                  from [01m[K/usr/local/include/src/GSLidarDriver.h:56[m[K:
[7.862s] [01m[K/home/potato/ws/src/gs2_publisher/src/gs2_node.cpp:[m[K In constructor â€˜[01m[KNodeGS::[01;32m[KNodeGS[m[K()[m[Kâ€™:
[7.862s] [01m[K/home/potato/ws/src/gs2_publisher/src/gs2_node.cpp:43:39:[m[K [01;31m[Kerror: [m[Kexpected unqualified-id before numeric constant
[7.862s]    43 |     if (drv_->startScan() != ydlidar::[01;31m[KRESULT_OK[m[K) {
[7.862s]       |                                       [01;31m[K^~~~~~~~~[m[K
[7.863s] [01m[K/home/potato/ws/src/gs2_publisher/src/gs2_node.cpp:43:39:[m[K [01;31m[Kerror: [m[Kexpected â€˜[01m[K)[m[Kâ€™ before numeric constant
[7.863s] [01m[K/home/potato/ws/src/gs2_publisher/src/gs2_node.cpp:43:8:[m[K [01;36m[Knote: [m[Kto match this â€˜[01m[K([m[Kâ€™
[7.863s]    43 |     if [01;36m[K([m[Kdrv_->startScan() != ydlidar::RESULT_OK) {
[7.863s]       |        [01;36m[K^[m[K
[7.863s] [01m[K/home/potato/ws/src/gs2_publisher/src/gs2_node.cpp:48:12:[m[K [01;31m[Kerror: [m[Krequest for member â€˜[01m[Kresize[m[Kâ€™ in â€˜[01m[K((NodeGS*)this)->NodeGS::nodes_[m[Kâ€™, which is of non-class type â€˜[01m[Kint[m[Kâ€™
[7.863s]    48 |     nodes_.[01;31m[Kresize[m[K(8192);
[7.863s]       |            [01;31m[K^~~~~~[m[K
[7.870s] [01m[K/home/potato/ws/src/gs2_publisher/src/gs2_node.cpp:[m[K In member function â€˜[01m[Kvoid NodeGS::[01;32m[Ktick[m[K()[m[Kâ€™:
[7.870s] [01m[K/home/potato/ws/src/gs2_publisher/src/gs2_node.cpp:66:27:[m[K [01;31m[Kerror: [m[Krequest for member â€˜[01m[Ksize[m[Kâ€™ in â€˜[01m[K((NodeGS*)this)->NodeGS::nodes_[m[Kâ€™, which is of non-class type â€˜[01m[Kint[m[Kâ€™
[7.870s]    66 |     size_t count = nodes_.[01;31m[Ksize[m[K();
[7.871s]       |                           [01;31m[K^~~~[m[K
[7.871s] [01m[K/home/potato/ws/src/gs2_publisher/src/gs2_node.cpp:68:35:[m[K [01;31m[Kerror: [m[Krequest for member â€˜[01m[Kdata[m[Kâ€™ in â€˜[01m[K((NodeGS*)this)->NodeGS::nodes_[m[Kâ€™, which is of non-class type â€˜[01m[Kint[m[Kâ€™
[7.871s]    68 |     if (drv_->grabScanData(nodes_.[01;31m[Kdata[m[K(), count, 200) != ydlidar::RESULT_OK) return;
[7.871s]       |                                   [01;31m[K^~~~[m[K
[7.871s] [01m[K/home/potato/ws/src/gs2_publisher/src/gs2_node.cpp:68:67:[m[K [01;31m[Kerror: [m[Kexpected unqualified-id before numeric constant
[7.871s]    68 |     if (drv_->grabScanData(nodes_.data(), count, 200) != ydlidar::[01;31m[KRESULT_OK[m[K) return;
[7.871s]       |                                                                   [01;31m[K^~~~~~~~~[m[K
[7.872s] [01m[K/home/potato/ws/src/gs2_publisher/src/gs2_node.cpp:68:67:[m[K [01;31m[Kerror: [m[Kexpected â€˜[01m[K)[m[Kâ€™ before numeric constant
[7.872s] [01m[K/home/potato/ws/src/gs2_publisher/src/gs2_node.cpp:68:8:[m[K [01;36m[Knote: [m[Kto match this â€˜[01m[K([m[Kâ€™
[7.872s]    68 |     if [01;36m[K([m[Kdrv_->grabScanData(nodes_.data(), count, 200) != ydlidar::RESULT_OK) return;
[7.872s]       |        [01;36m[K^[m[K
[7.872s] [01m[K/home/potato/ws/src/gs2_publisher/src/gs2_node.cpp:71:33:[m[K [01;31m[Kerror: [m[Krequest for member â€˜[01m[Kdata[m[Kâ€™ in â€˜[01m[K((NodeGS*)this)->NodeGS::nodes_[m[Kâ€™, which is of non-class type â€˜[01m[Kint[m[Kâ€™
[7.872s]    71 |     drv_->ascendScanData(nodes_.[01;31m[Kdata[m[K(), count);
[7.872s]       |                                 [01;31m[K^~~~[m[K
[7.872s] [01m[K/home/potato/ws/src/gs2_publisher/src/gs2_node.cpp:89:31:[m[K [01;31m[Kerror: [m[Kinvalid types â€˜[01m[Kint[size_t {aka long unsigned int}][m[Kâ€™ for array subscript
[7.872s]    89 |         const auto &n = nodes_[01;31m[K[[m[Ki];
[7.873s]       |                               [01;31m[K^[m[K
[7.873s] [01m[K/home/potato/ws/src/gs2_publisher/src/gs2_node.cpp:117:31:[m[K [01;31m[Kerror: [m[Kinvalid types â€˜[01m[Kint[size_t {aka long unsigned int}][m[Kâ€™ for array subscript
[7.873s]   117 |         const auto &n = nodes_[01;31m[K[[m[Ki];
[7.873s]       |                               [01;31m[K^[m[K
[9.577s] gmake[2]: *** [CMakeFiles/gs2_node.dir/build.make:76: CMakeFiles/gs2_node.dir/src/gs2_node.cpp.o] Error 1
[9.578s] gmake[1]: *** [CMakeFiles/Makefile2:137: CMakeFiles/gs2_node.dir/all] Error 2
[9.578s] gmake: *** [Makefile:146: all] Error 2
[9.583s] Invoked command in '/home/potato/ws/build/gs2_publisher' returned '2': /usr/bin/cmake --build /home/potato/ws/build/gs2_publisher -- -j4 -l4
