[0.016s] Invoking command in '/home/potato/ws/build/gs2_publisher': /usr/bin/cmake /home/potato/ws/src/gs2_publisher -DCATKIN_INSTALL_INTO_PREFIX_ROOT=0 -DCATKIN_SYMLINK_INSTALL=ON -DCMAKE_INSTALL_PREFIX=/home/potato/ws/install/gs2_publisher
[0.130s] -- The C compiler identification is GNU 13.3.0
[0.266s] -- The CXX compiler identification is GNU 13.3.0
[0.293s] -- Detecting C compiler ABI info
[0.457s] -- Detecting C compiler ABI info - done
[0.473s] -- Check for working C compiler: /usr/bin/cc - skipped
[0.473s] -- Detecting C compile features
[0.474s] -- Detecting C compile features - done
[0.488s] -- Detecting CXX compiler ABI info
[0.669s] -- Detecting CXX compiler ABI info - done
[0.684s] -- Check for working CXX compiler: /usr/bin/c++ - skipped
[0.684s] -- Detecting CXX compile features
[0.685s] -- Detecting CXX compile features - done
[0.688s] -- Found ament_cmake: 2.5.4 (/opt/ros/jazzy/share/ament_cmake/cmake)
[0.922s] -- Found Python3: /usr/bin/python3 (found version "3.12.3") found components: Interpreter 
[1.088s] -- Found rclcpp: 28.1.12 (/opt/ros/jazzy/share/rclcpp/cmake)
[1.132s] -- Found rosidl_generator_c: 4.6.6 (/opt/ros/jazzy/share/rosidl_generator_c/cmake)
[1.150s] -- Found rosidl_generator_cpp: 4.6.6 (/opt/ros/jazzy/share/rosidl_generator_cpp/cmake)
[1.171s] -- Using all available rosidl_typesupport_c: rosidl_typesupport_fastrtps_c;rosidl_typesupport_introspection_c
[1.195s] -- Using all available rosidl_typesupport_cpp: rosidl_typesupport_fastrtps_cpp;rosidl_typesupport_introspection_cpp
[1.295s] -- Found rmw_implementation_cmake: 7.3.2 (/opt/ros/jazzy/share/rmw_implementation_cmake/cmake)
[1.298s] -- Found rmw_cyclonedds_cpp: 2.2.3 (/opt/ros/jazzy/share/rmw_cyclonedds_cpp/cmake)
[1.332s] -- Using RMW implementation 'rmw_cyclonedds_cpp' as default
[1.417s] -- Found sensor_msgs: 5.3.6 (/opt/ros/jazzy/share/sensor_msgs/cmake)
[1.493s] -- Found ydlidar_sdk package
[1.494s] [33mCMake Warning at CMakeLists.txt:27 (message):
[1.494s]   ydlidar_sdk package found, but no target exported; falling back to manual
[1.494s]   link
[1.494s] 
[1.494s] [0m
[1.665s] -- Configuring done (1.6s)
[1.689s] -- Generating done (0.0s)
[1.698s] [33mCMake Warning:
[1.698s]   Manually-specified variables were not used by the project:
[1.698s] 
[1.698s]     CATKIN_INSTALL_INTO_PREFIX_ROOT
[1.698s]     CATKIN_SYMLINK_INSTALL
[1.698s] 
[1.698s] [0m
[1.701s] -- Build files have been written to: /home/potato/ws/build/gs2_publisher
[1.717s] Invoked command in '/home/potato/ws/build/gs2_publisher' returned '0': /usr/bin/cmake /home/potato/ws/src/gs2_publisher -DCATKIN_INSTALL_INTO_PREFIX_ROOT=0 -DCATKIN_SYMLINK_INSTALL=ON -DCMAKE_INSTALL_PREFIX=/home/potato/ws/install/gs2_publisher
[1.720s] Invoking command in '/home/potato/ws/build/gs2_publisher': /usr/bin/cmake --build /home/potato/ws/build/gs2_publisher -- -j4 -l4
[1.819s] [ 50%] [32mBuilding CXX object CMakeFiles/gs2_node.dir/src/gs2_node.cpp.o[0m
[5.083s] [01m[K/home/potato/ws/src/gs2_publisher/src/gs2_node.cpp:150:24:[m[K [01;31m[Kerror: [m[Kâ€˜[01m[Knode_info[m[Kâ€™ is not a member of â€˜[01m[Kydlidar[m[Kâ€™; did you mean â€˜[01m[Knode_info[m[Kâ€™?
[5.083s]   150 |   std::vector<ydlidar::[01;31m[Knode_info[m[K> nodes_;
[5.083s]       |                        [01;31m[K^~~~~~~~~[m[K
[5.084s] In file included from [01m[K/usr/local/include/src/GSLidarDriver.h:59[m[K,
[5.084s]                  from [01m[K/home/potato/ws/src/gs2_publisher/src/gs2_node.cpp:5[m[K:
[5.084s] [01m[K/usr/local/include/core/common/ydlidar_protocol.h:204:8:[m[K [01;36m[Knote: [m[Kâ€˜[01m[Knode_info[m[Kâ€™ declared here
[5.084s]   204 | struct [01;36m[Knode_info[m[K {
[5.084s]       |        [01;36m[K^~~~~~~~~[m[K
[5.084s] [01m[K/home/potato/ws/src/gs2_publisher/src/gs2_node.cpp:150:33:[m[K [01;31m[Kerror: [m[Ktemplate argument 1 is invalid
[5.084s]   150 |   std::vector<ydlidar::node_info[01;31m[K>[m[K nodes_;
[5.084s]       |                                 [01;31m[K^[m[K
[5.084s] [01m[K/home/potato/ws/src/gs2_publisher/src/gs2_node.cpp:150:33:[m[K [01;31m[Kerror: [m[Ktemplate argument 2 is invalid
[5.091s] In file included from [01m[K/usr/local/include/core/base/v8stdint.h:3[m[K,
[5.091s]                  from [01m[K/usr/local/include/core/serial/serial.h:9[m[K,
[5.091s]                  from [01m[K/usr/local/include/src/GSLidarDriver.h:56[m[K:
[5.092s] [01m[K/home/potato/ws/src/gs2_publisher/src/gs2_node.cpp:[m[K In constructor â€˜[01m[KNodeGS::[01;32m[KNodeGS[m[K()[m[Kâ€™:
[5.092s] [01m[K/home/potato/ws/src/gs2_publisher/src/gs2_node.cpp:43:39:[m[K [01;31m[Kerror: [m[Kexpected unqualified-id before numeric constant
[5.092s]    43 |     if (drv_->startScan() != ydlidar::[01;31m[KRESULT_OK[m[K) {
[5.092s]       |                                       [01;31m[K^~~~~~~~~[m[K
[5.092s] [01m[K/home/potato/ws/src/gs2_publisher/src/gs2_node.cpp:43:39:[m[K [01;31m[Kerror: [m[Kexpected â€˜[01m[K)[m[Kâ€™ before numeric constant
[5.092s] [01m[K/home/potato/ws/src/gs2_publisher/src/gs2_node.cpp:43:8:[m[K [01;36m[Knote: [m[Kto match this â€˜[01m[K([m[Kâ€™
[5.092s]    43 |     if [01;36m[K([m[Kdrv_->startScan() != ydlidar::RESULT_OK) {
[5.092s]       |        [01;36m[K^[m[K
[5.092s] [01m[K/home/potato/ws/src/gs2_publisher/src/gs2_node.cpp:48:12:[m[K [01;31m[Kerror: [m[Krequest for member â€˜[01m[Kresize[m[Kâ€™ in â€˜[01m[K((NodeGS*)this)->NodeGS::nodes_[m[Kâ€™, which is of non-class type â€˜[01m[Kint[m[Kâ€™
[5.092s]    48 |     nodes_.[01;31m[Kresize[m[K(8192);
[5.092s]       |            [01;31m[K^~~~~~[m[K
[5.098s] [01m[K/home/potato/ws/src/gs2_publisher/src/gs2_node.cpp:[m[K In member function â€˜[01m[Kvoid NodeGS::[01;32m[Ktick[m[K()[m[Kâ€™:
[5.099s] [01m[K/home/potato/ws/src/gs2_publisher/src/gs2_node.cpp:66:27:[m[K [01;31m[Kerror: [m[Krequest for member â€˜[01m[Ksize[m[Kâ€™ in â€˜[01m[K((NodeGS*)this)->NodeGS::nodes_[m[Kâ€™, which is of non-class type â€˜[01m[Kint[m[Kâ€™
[5.099s]    66 |     size_t count = nodes_.[01;31m[Ksize[m[K();
[5.099s]       |                           [01;31m[K^~~~[m[K
[5.099s] [01m[K/home/potato/ws/src/gs2_publisher/src/gs2_node.cpp:68:35:[m[K [01;31m[Kerror: [m[Krequest for member â€˜[01m[Kdata[m[Kâ€™ in â€˜[01m[K((NodeGS*)this)->NodeGS::nodes_[m[Kâ€™, which is of non-class type â€˜[01m[Kint[m[Kâ€™
[5.099s]    68 |     if (drv_->grabScanData(nodes_.[01;31m[Kdata[m[K(), count, 200) != ydlidar::RESULT_OK) return;
[5.099s]       |                                   [01;31m[K^~~~[m[K
[5.099s] [01m[K/home/potato/ws/src/gs2_publisher/src/gs2_node.cpp:68:67:[m[K [01;31m[Kerror: [m[Kexpected unqualified-id before numeric constant
[5.099s]    68 |     if (drv_->grabScanData(nodes_.data(), count, 200) != ydlidar::[01;31m[KRESULT_OK[m[K) return;
[5.099s]       |                                                                   [01;31m[K^~~~~~~~~[m[K
[5.099s] [01m[K/home/potato/ws/src/gs2_publisher/src/gs2_node.cpp:68:67:[m[K [01;31m[Kerror: [m[Kexpected â€˜[01m[K)[m[Kâ€™ before numeric constant
[5.099s] [01m[K/home/potato/ws/src/gs2_publisher/src/gs2_node.cpp:68:8:[m[K [01;36m[Knote: [m[Kto match this â€˜[01m[K([m[Kâ€™
[5.099s]    68 |     if [01;36m[K([m[Kdrv_->grabScanData(nodes_.data(), count, 200) != ydlidar::RESULT_OK) return;
[5.100s]       |        [01;36m[K^[m[K
[5.100s] [01m[K/home/potato/ws/src/gs2_publisher/src/gs2_node.cpp:71:33:[m[K [01;31m[Kerror: [m[Krequest for member â€˜[01m[Kdata[m[Kâ€™ in â€˜[01m[K((NodeGS*)this)->NodeGS::nodes_[m[Kâ€™, which is of non-class type â€˜[01m[Kint[m[Kâ€™
[5.100s]    71 |     drv_->ascendScanData(nodes_.[01;31m[Kdata[m[K(), count);
[5.100s]       |                                 [01;31m[K^~~~[m[K
[5.100s] [01m[K/home/potato/ws/src/gs2_publisher/src/gs2_node.cpp:89:31:[m[K [01;31m[Kerror: [m[Kinvalid types â€˜[01m[Kint[size_t {aka long unsigned int}][m[Kâ€™ for array subscript
[5.100s]    89 |         const auto &n = nodes_[01;31m[K[[m[Ki];
[5.100s]       |                               [01;31m[K^[m[K
[5.100s] [01m[K/home/potato/ws/src/gs2_publisher/src/gs2_node.cpp:117:31:[m[K [01;31m[Kerror: [m[Kinvalid types â€˜[01m[Kint[size_t {aka long unsigned int}][m[Kâ€™ for array subscript
[5.100s]   117 |         const auto &n = nodes_[01;31m[K[[m[Ki];
[5.100s]       |                               [01;31m[K^[m[K
[6.536s] gmake[2]: *** [CMakeFiles/gs2_node.dir/build.make:76: CMakeFiles/gs2_node.dir/src/gs2_node.cpp.o] Error 1
[6.536s] gmake[1]: *** [CMakeFiles/Makefile2:137: CMakeFiles/gs2_node.dir/all] Error 2
[6.536s] gmake: *** [Makefile:146: all] Error 2
[6.539s] Invoked command in '/home/potato/ws/build/gs2_publisher' returned '2': /usr/bin/cmake --build /home/potato/ws/build/gs2_publisher -- -j4 -l4
