-- The C compiler identification is GNU 13.3.0
-- The CXX compiler identification is GNU 13.3.0
-- Detecting C compiler ABI info
-- Detecting C compiler ABI info - done
-- Check for working C compiler: /usr/bin/cc - skipped
-- Detecting C compile features
-- Detecting C compile features - done
-- Detecting CXX compiler ABI info
-- Detecting CXX compiler ABI info - done
-- Check for working CXX compiler: /usr/bin/c++ - skipped
-- Detecting CXX compile features
-- Detecting CXX compile features - done
-- Found ament_cmake: 2.5.4 (/opt/ros/jazzy/share/ament_cmake/cmake)
-- Found Python3: /usr/bin/python3 (found version "3.12.3") found components: Interpreter 
-- Found rclcpp: 28.1.12 (/opt/ros/jazzy/share/rclcpp/cmake)
-- Found rosidl_generator_c: 4.6.6 (/opt/ros/jazzy/share/rosidl_generator_c/cmake)
-- Found rosidl_generator_cpp: 4.6.6 (/opt/ros/jazzy/share/rosidl_generator_cpp/cmake)
-- Using all available rosidl_typesupport_c: rosidl_typesupport_fastrtps_c;rosidl_typesupport_introspection_c
-- Using all available rosidl_typesupport_cpp: rosidl_typesupport_fastrtps_cpp;rosidl_typesupport_introspection_cpp
-- Found rmw_implementation_cmake: 7.3.2 (/opt/ros/jazzy/share/rmw_implementation_cmake/cmake)
-- Found rmw_cyclonedds_cpp: 2.2.3 (/opt/ros/jazzy/share/rmw_cyclonedds_cpp/cmake)
-- Using RMW implementation 'rmw_cyclonedds_cpp' as default
-- Found sensor_msgs: 5.3.6 (/opt/ros/jazzy/share/sensor_msgs/cmake)
-- Found ydlidar_sdk package
[33mCMake Warning at CMakeLists.txt:27 (message):
  ydlidar_sdk package found, but no target exported; falling back to manual
  link

[0m
-- Configuring done (1.6s)
-- Generating done (0.0s)
[33mCMake Warning:
  Manually-specified variables were not used by the project:

    CATKIN_INSTALL_INTO_PREFIX_ROOT
    CATKIN_SYMLINK_INSTALL

[0m
-- Build files have been written to: /home/potato/ws/build/gs2_publisher
[ 50%] [32mBuilding CXX object CMakeFiles/gs2_node.dir/src/gs2_node.cpp.o[0m
[01m[K/home/potato/ws/src/gs2_publisher/src/gs2_node.cpp:1:29:[m[K [01;35m[Kwarning: [m[Kextra tokens at end of #include directive
    1 | #include <rclcpp/rclcpp.hpp>[01;35m[K)[m[K
      |                             [01;35m[K^[m[K
[01m[K/home/potato/ws/src/gs2_publisher/src/gs2_node.cpp:96:2:[m[K [01;31m[Kerror: [m[Kexpected â€˜[01m[K}[m[Kâ€™ at end of input
   96 | }
      |  [01;31m[K^[m[K
[01m[K/home/potato/ws/src/gs2_publisher/src/gs2_node.cpp:20:37:[m[K [01;36m[Knote: [m[Kto match this â€˜[01m[K{[m[Kâ€™
   20 | class GS2Node : public rclcpp::Node [01;36m[K{[m[K
      |                                     [01;36m[K^[m[K
[01m[K/home/potato/ws/src/gs2_publisher/src/gs2_node.cpp:[m[K In constructor â€˜[01m[KGS2Node::[01;32m[KGS2Node[m[K()[m[Kâ€™:
[01m[K/home/potato/ws/src/gs2_publisher/src/gs2_node.cpp:23:5:[m[K [01;31m[Kerror: [m[Kâ€˜[01m[Kport_[m[Kâ€™ was not declared in this scope
   23 |     [01;31m[Kport_[m[K     = this->declare_parameter<std::string>("port", "/dev/ttyUSB0");
      |     [01;31m[K^~~~~[m[K
[01m[K/home/potato/ws/src/gs2_publisher/src/gs2_node.cpp:24:5:[m[K [01;31m[Kerror: [m[Kâ€˜[01m[Kbaud_[m[Kâ€™ was not declared in this scope
   24 |     [01;31m[Kbaud_[m[K     = this->declare_parameter<int>("baudrate", 921600);
      |     [01;31m[K^~~~~[m[K
[01m[K/home/potato/ws/src/gs2_publisher/src/gs2_node.cpp:25:5:[m[K [01;31m[Kerror: [m[Kâ€˜[01m[Kframe_id_[m[Kâ€™ was not declared in this scope
   25 |     [01;31m[Kframe_id_[m[K = this->declare_parameter<std::string>("frame_id", "laser_frame");
      |     [01;31m[K^~~~~~~~~[m[K
[01m[K/home/potato/ws/src/gs2_publisher/src/gs2_node.cpp:26:5:[m[K [01;31m[Kerror: [m[Kâ€˜[01m[Kamin_deg_[m[Kâ€™ was not declared in this scope
   26 |     [01;31m[Kamin_deg_[m[K = this->declare_parameter<double>("angle_min_deg", -50.0);
      |     [01;31m[K^~~~~~~~~[m[K
[01m[K/home/potato/ws/src/gs2_publisher/src/gs2_node.cpp:27:5:[m[K [01;31m[Kerror: [m[Kâ€˜[01m[Kamax_deg_[m[Kâ€™ was not declared in this scope
   27 |     [01;31m[Kamax_deg_[m[K = this->declare_parameter<double>("angle_max_deg",  50.0);
      |     [01;31m[K^~~~~~~~~[m[K
[01m[K/home/potato/ws/src/gs2_publisher/src/gs2_node.cpp:28:5:[m[K [01;31m[Kerror: [m[Kâ€˜[01m[Krmin_[m[Kâ€™ was not declared in this scope
   28 |     [01;31m[Krmin_[m[K     = this->declare_parameter<double>("range_min", 0.025);
      |     [01;31m[K^~~~~[m[K
[01m[K/home/potato/ws/src/gs2_publisher/src/gs2_node.cpp:29:5:[m[K [01;31m[Kerror: [m[Kâ€˜[01m[Krmax_[m[Kâ€™ was not declared in this scope
   29 |     [01;31m[Krmax_[m[K     = this->declare_parameter<double>("range_max", 0.30);
      |     [01;31m[K^~~~~[m[K
[01m[K/home/potato/ws/src/gs2_publisher/src/gs2_node.cpp:31:5:[m[K [01;31m[Kerror: [m[Kâ€˜[01m[Kpub_[m[Kâ€™ was not declared in this scope
   31 |     [01;31m[Kpub_[m[K = this->create_publisher<sensor_msgs::msg::LaserScan>("/scan", 10);
      |     [01;31m[K^~~~[m[K
[01m[K/home/potato/ws/src/gs2_publisher/src/gs2_node.cpp:34:18:[m[K [01;31m[Kerror: [m[Kâ€˜[01m[Klaser_[m[Kâ€™ was not declared in this scope
   34 |     set_str_prop([01;31m[Klaser_[m[K, LidarPropSerialPort, port_, get_logger());
      |                  [01;31m[K^~~~~~[m[K
[01m[K/home/potato/ws/src/gs2_publisher/src/gs2_node.cpp:36:27:[m[K [01;31m[Kerror: [m[Kâ€˜[01m[KLidarPropHeartBeat[m[Kâ€™ was not declared in this scope; did you mean â€˜[01m[KLidarProperty[m[Kâ€™?
   36 |     set_bool_prop(laser_, [01;31m[KLidarPropHeartBeat[m[K, false, get_logger());
      |                           [01;31m[K^~~~~~~~~~~~~~~~~~[m[K
      |                           [32m[KLidarProperty[m[K
[01m[K/home/potato/ws/src/gs2_publisher/src/gs2_node.cpp:49:1:[m[K [01;31m[Kerror: [m[Kexpected primary-expression before â€˜[01m[Kprivate[m[Kâ€™
   49 | [01;31m[Kprivate[m[K:
      | [01;31m[K^~~~~~~[m[K
[01m[K/home/potato/ws/src/gs2_publisher/src/gs2_node.cpp:[m[K At global scope:
[01m[K/home/potato/ws/src/gs2_publisher/src/gs2_node.cpp:96:2:[m[K [01;31m[Kerror: [m[Kexpected unqualified-id at end of input
   96 | }
      |  [01;31m[K^[m[K
gmake[2]: *** [CMakeFiles/gs2_node.dir/build.make:76: CMakeFiles/gs2_node.dir/src/gs2_node.cpp.o] Error 1
gmake[1]: *** [CMakeFiles/Makefile2:137: CMakeFiles/gs2_node.dir/all] Error 2
gmake: *** [Makefile:146: all] Error 2
