[0.016s] Invoking command in '/home/potato/ws/build/gs2_publisher': /usr/bin/cmake /home/potato/ws/src/gs2_publisher -DCATKIN_INSTALL_INTO_PREFIX_ROOT=0 -DCATKIN_SYMLINK_INSTALL=ON -DCMAKE_INSTALL_PREFIX=/home/potato/ws/install/gs2_publisher
[0.135s] -- The C compiler identification is GNU 13.3.0
[0.253s] -- The CXX compiler identification is GNU 13.3.0
[0.282s] -- Detecting C compiler ABI info
[0.452s] -- Detecting C compiler ABI info - done
[0.467s] -- Check for working C compiler: /usr/bin/cc - skipped
[0.468s] -- Detecting C compile features
[0.468s] -- Detecting C compile features - done
[0.481s] -- Detecting CXX compiler ABI info
[0.668s] -- Detecting CXX compiler ABI info - done
[0.684s] -- Check for working CXX compiler: /usr/bin/c++ - skipped
[0.684s] -- Detecting CXX compile features
[0.685s] -- Detecting CXX compile features - done
[0.688s] -- Found ament_cmake: 2.5.4 (/opt/ros/jazzy/share/ament_cmake/cmake)
[0.927s] -- Found Python3: /usr/bin/python3 (found version "3.12.3") found components: Interpreter 
[1.091s] -- Found rclcpp: 28.1.12 (/opt/ros/jazzy/share/rclcpp/cmake)
[1.136s] -- Found rosidl_generator_c: 4.6.6 (/opt/ros/jazzy/share/rosidl_generator_c/cmake)
[1.154s] -- Found rosidl_generator_cpp: 4.6.6 (/opt/ros/jazzy/share/rosidl_generator_cpp/cmake)
[1.175s] -- Using all available rosidl_typesupport_c: rosidl_typesupport_fastrtps_c;rosidl_typesupport_introspection_c
[1.199s] -- Using all available rosidl_typesupport_cpp: rosidl_typesupport_fastrtps_cpp;rosidl_typesupport_introspection_cpp
[1.299s] -- Found rmw_implementation_cmake: 7.3.2 (/opt/ros/jazzy/share/rmw_implementation_cmake/cmake)
[1.302s] -- Found rmw_cyclonedds_cpp: 2.2.3 (/opt/ros/jazzy/share/rmw_cyclonedds_cpp/cmake)
[1.337s] -- Using RMW implementation 'rmw_cyclonedds_cpp' as default
[1.423s] -- Found sensor_msgs: 5.3.6 (/opt/ros/jazzy/share/sensor_msgs/cmake)
[1.500s] -- Found ydlidar_sdk package
[1.501s] [33mCMake Warning at CMakeLists.txt:27 (message):
[1.501s]   ydlidar_sdk package found, but no target exported; falling back to manual
[1.501s]   link
[1.501s] 
[1.501s] [0m
[1.663s] -- Configuring done (1.6s)
[1.684s] -- Generating done (0.0s)
[1.686s] [33mCMake Warning:
[1.686s]   Manually-specified variables were not used by the project:
[1.687s] 
[1.687s]     CATKIN_INSTALL_INTO_PREFIX_ROOT
[1.687s]     CATKIN_SYMLINK_INSTALL
[1.687s] 
[1.687s] [0m
[1.693s] -- Build files have been written to: /home/potato/ws/build/gs2_publisher
[1.715s] Invoked command in '/home/potato/ws/build/gs2_publisher' returned '0': /usr/bin/cmake /home/potato/ws/src/gs2_publisher -DCATKIN_INSTALL_INTO_PREFIX_ROOT=0 -DCATKIN_SYMLINK_INSTALL=ON -DCMAKE_INSTALL_PREFIX=/home/potato/ws/install/gs2_publisher
[1.718s] Invoking command in '/home/potato/ws/build/gs2_publisher': /usr/bin/cmake --build /home/potato/ws/build/gs2_publisher -- -j4 -l4
[1.816s] [ 50%] [32mBuilding CXX object CMakeFiles/gs2_node.dir/src/gs2_node.cpp.o[0m
[5.091s] [01m[K/home/potato/ws/src/gs2_publisher/src/gs2_node.cpp:[m[K In constructor â€˜[01m[KGS2Node::[01;32m[KGS2Node[m[K()[m[Kâ€™:
[5.091s] [01m[K/home/potato/ws/src/gs2_publisher/src/gs2_node.cpp:41:27:[m[K [01;31m[Kerror: [m[Kâ€˜[01m[KLidarPropSupportMotorDtr[m[Kâ€™ was not declared in this scope; did you mean â€˜[01m[KLidarPropSupportMotorDtrCtrl[m[Kâ€™?
[5.091s]    41 |     set_bool_prop(laser_, [01;31m[KLidarPropSupportMotorDtr[m[K,false, get_logger());
[5.091s]       |                           [01;31m[K^~~~~~~~~~~~~~~~~~~~~~~~[m[K
[5.091s]       |                           [32m[KLidarPropSupportMotorDtrCtrl[m[K
[6.532s] gmake[2]: *** [CMakeFiles/gs2_node.dir/build.make:76: CMakeFiles/gs2_node.dir/src/gs2_node.cpp.o] Error 1
[6.533s] gmake[1]: *** [CMakeFiles/Makefile2:137: CMakeFiles/gs2_node.dir/all] Error 2
[6.533s] gmake: *** [Makefile:146: all] Error 2
[6.536s] Invoked command in '/home/potato/ws/build/gs2_publisher' returned '2': /usr/bin/cmake --build /home/potato/ws/build/gs2_publisher -- -j4 -l4
