[33mCMake Warning at CMakeLists.txt:27 (message):
  ydlidar_sdk package found, but no target exported; falling back to manual
  link

[0m
[33mCMake Warning:
  Manually-specified variables were not used by the project:

    CATKIN_INSTALL_INTO_PREFIX_ROOT
    CATKIN_SYMLINK_INSTALL

[0m
[01m[K/home/potato/ws/src/gs2_publisher/src/gs2_node.cpp:15:16:[m[K [01;31m[Kerror: [m[Kâ€˜[01m[KLaserScan[m[Kâ€™ has not been declared in â€˜[01m[Kydlidar[m[Kâ€™
   15 | using ydlidar::[01;31m[KLaserScan[m[K;
      |                [01;31m[K^~~~~~~~~[m[K
[01m[K/home/potato/ws/src/gs2_publisher/src/gs2_node.cpp:[m[K In constructor â€˜[01m[KNodeGS::[01;32m[KNodeGS[m[K()[m[Kâ€™:
[01m[K/home/potato/ws/src/gs2_publisher/src/gs2_node.cpp:38:27:[m[K [01;31m[Kerror: [m[Kâ€˜[01m[KCreateDriver[m[Kâ€™ is not a member of â€˜[01m[Kydlidar::GSLidarDriver[m[Kâ€™
   38 |     drv_ = GSLidarDriver::[01;31m[KCreateDriver[m[K(YDLIDAR_TYPE_SERIAL);
      |                           [01;31m[K^~~~~~~~~~~~[m[K
[01m[K/home/potato/ws/src/gs2_publisher/src/gs2_node.cpp:47:24:[m[K [01;31m[Kerror: [m[Kâ€˜[01m[Kvirtual result_t ydlidar::GSLidarDriver::[01;32m[KgetDeviceInfo[m[K(device_info&, uint32_t)[m[Kâ€™ is protected within this context
   47 |     [01;31m[Kdrv_->getDeviceInfo(di)[m[K;
      |     [01;31m[K~~~~~~~~~~~~~~~~~~~^~~~[m[K
In file included from [01m[K/home/potato/ws/src/gs2_publisher/src/gs2_node.cpp:5[m[K:
[01m[K/usr/local/include/src/GSLidarDriver.h:418:22:[m[K [01;36m[Knote: [m[Kdeclared protected here
  418 |     virtual result_t [01;36m[KgetDeviceInfo[m[K(
      |                      [01;36m[K^~~~~~~~~~~~~[m[K
[01m[K/home/potato/ws/src/gs2_publisher/src/gs2_node.cpp:[m[K In destructor â€˜[01m[Kvirtual NodeGS::[01;32m[K~NodeGS[m[K()[m[Kâ€™:
[01m[K/home/potato/ws/src/gs2_publisher/src/gs2_node.cpp:63:24:[m[K [01;31m[Kerror: [m[Kâ€˜[01m[KDestroyDriver[m[Kâ€™ is not a member of â€˜[01m[Kydlidar::GSLidarDriver[m[Kâ€™
   63 |         GSLidarDriver::[01;31m[KDestroyDriver[m[K(drv_);
      |                        [01;31m[K^~~~~~~~~~~~~[m[K
[01m[K/home/potato/ws/src/gs2_publisher/src/gs2_node.cpp:[m[K In member function â€˜[01m[Kvoid NodeGS::[01;32m[Ktick[m[K()[m[Kâ€™:
[01m[K/home/potato/ws/src/gs2_publisher/src/gs2_node.cpp:72:28:[m[K [01;31m[Kerror: [m[Kno matching function for call to â€˜[01m[Kydlidar::GSLidarDriver::grabScanData(LaserScan&)[m[Kâ€™
   72 |     if (![01;31m[Kdrv_->grabScanData(scan)[m[K) return;
      |          [01;31m[K~~~~~~~~~~~~~~~~~~^~~~~~[m[K
[01m[K/usr/local/include/src/GSLidarDriver.h:207:14:[m[K [01;36m[Knote: [m[Kcandidate: â€˜[01m[Kvirtual result_t ydlidar::GSLidarDriver::[01;32m[KgrabScanData[m[K(node_info*, size_t&, uint32_t)[m[Kâ€™
  207 |     result_t [01;36m[KgrabScanData[m[K(node_info *nodebuffer, size_t &count,
      |              [01;36m[K^~~~~~~~~~~~[m[K
[01m[K/usr/local/include/src/GSLidarDriver.h:207:14:[m[K [01;36m[Knote: [m[K  candidate expects 3 arguments, 1 provided
[01m[K/home/potato/ws/src/gs2_publisher/src/gs2_node.cpp:73:25:[m[K [01;31m[Kerror: [m[Kno matching function for call to â€˜[01m[Kydlidar::GSLidarDriver::ascendScanData(LaserScan&)[m[Kâ€™
   73 |     [01;31m[Kdrv_->ascendScanData(scan)[m[K;
      |     [01;31m[K~~~~~~~~~~~~~~~~~~~~^~~~~~[m[K
[01m[K/usr/local/include/src/GSLidarDriver.h:220:14:[m[K [01;36m[Knote: [m[Kcandidate: â€˜[01m[Kresult_t ydlidar::GSLidarDriver::[01;32m[KascendScanData[m[K(node_info*, size_t)[m[Kâ€™
  220 |     result_t [01;36m[KascendScanData[m[K(node_info *nodebuffer, size_t count);
      |              [01;36m[K^~~~~~~~~~~~~~[m[K
[01m[K/usr/local/include/src/GSLidarDriver.h:220:14:[m[K [01;36m[Knote: [m[K  candidate expects 2 arguments, 1 provided
gmake[2]: *** [CMakeFiles/gs2_node.dir/build.make:76: CMakeFiles/gs2_node.dir/src/gs2_node.cpp.o] Error 1
gmake[1]: *** [CMakeFiles/Makefile2:137: CMakeFiles/gs2_node.dir/all] Error 2
gmake: *** [Makefile:146: all] Error 2
