[0.015s] Invoking command in '/home/potato/ws/build/gs2_publisher': /usr/bin/cmake /home/potato/ws/src/gs2_publisher -DCATKIN_INSTALL_INTO_PREFIX_ROOT=0 -DCATKIN_SYMLINK_INSTALL=ON -DCMAKE_INSTALL_PREFIX=/home/potato/ws/install/gs2_publisher
[0.134s] -- The C compiler identification is GNU 13.3.0
[0.253s] -- The CXX compiler identification is GNU 13.3.0
[0.281s] -- Detecting C compiler ABI info
[0.451s] -- Detecting C compiler ABI info - done
[0.466s] -- Check for working C compiler: /usr/bin/cc - skipped
[0.466s] -- Detecting C compile features
[0.467s] -- Detecting C compile features - done
[0.481s] -- Detecting CXX compiler ABI info
[0.669s] -- Detecting CXX compiler ABI info - done
[0.685s] -- Check for working CXX compiler: /usr/bin/c++ - skipped
[0.685s] -- Detecting CXX compile features
[0.686s] -- Detecting CXX compile features - done
[0.689s] -- Found ament_cmake: 2.5.4 (/opt/ros/jazzy/share/ament_cmake/cmake)
[0.929s] -- Found Python3: /usr/bin/python3 (found version "3.12.3") found components: Interpreter 
[1.099s] -- Found rclcpp: 28.1.12 (/opt/ros/jazzy/share/rclcpp/cmake)
[1.144s] -- Found rosidl_generator_c: 4.6.6 (/opt/ros/jazzy/share/rosidl_generator_c/cmake)
[1.162s] -- Found rosidl_generator_cpp: 4.6.6 (/opt/ros/jazzy/share/rosidl_generator_cpp/cmake)
[1.183s] -- Using all available rosidl_typesupport_c: rosidl_typesupport_fastrtps_c;rosidl_typesupport_introspection_c
[1.207s] -- Using all available rosidl_typesupport_cpp: rosidl_typesupport_fastrtps_cpp;rosidl_typesupport_introspection_cpp
[1.305s] -- Found rmw_implementation_cmake: 7.3.2 (/opt/ros/jazzy/share/rmw_implementation_cmake/cmake)
[1.309s] -- Found rmw_cyclonedds_cpp: 2.2.3 (/opt/ros/jazzy/share/rmw_cyclonedds_cpp/cmake)
[1.343s] -- Using RMW implementation 'rmw_cyclonedds_cpp' as default
[1.427s] -- Found sensor_msgs: 5.3.6 (/opt/ros/jazzy/share/sensor_msgs/cmake)
[1.504s] -- Found ydlidar_sdk package
[1.504s] [33mCMake Warning at CMakeLists.txt:27 (message):
[1.505s]   ydlidar_sdk package found, but no target exported; falling back to manual
[1.505s]   link
[1.505s] 
[1.505s] [0m
[1.667s] -- Configuring done (1.6s)
[1.697s] -- Generating done (0.0s)
[1.705s] [33mCMake Warning:
[1.705s]   Manually-specified variables were not used by the project:
[1.705s] 
[1.706s]     CATKIN_INSTALL_INTO_PREFIX_ROOT
[1.706s]     CATKIN_SYMLINK_INSTALL
[1.706s] 
[1.706s] [0m
[1.710s] -- Build files have been written to: /home/potato/ws/build/gs2_publisher
[1.728s] Invoked command in '/home/potato/ws/build/gs2_publisher' returned '0': /usr/bin/cmake /home/potato/ws/src/gs2_publisher -DCATKIN_INSTALL_INTO_PREFIX_ROOT=0 -DCATKIN_SYMLINK_INSTALL=ON -DCMAKE_INSTALL_PREFIX=/home/potato/ws/install/gs2_publisher
[1.731s] Invoking command in '/home/potato/ws/build/gs2_publisher': /usr/bin/cmake --build /home/potato/ws/build/gs2_publisher -- -j4 -l4
[1.828s] [ 50%] [32mBuilding CXX object CMakeFiles/gs2_node.dir/src/gs2_node.cpp.o[0m
[5.026s] [01m[K/home/potato/ws/src/gs2_publisher/src/gs2_node.cpp:[m[K In constructor â€˜[01m[KGS2Node::[01;32m[KGS2Node[m[K()[m[Kâ€™:
[5.026s] [01m[K/home/potato/ws/src/gs2_publisher/src/gs2_node.cpp:36:27:[m[K [01;31m[Kerror: [m[Kâ€˜[01m[KLidarPropHeartBeat[m[Kâ€™ was not declared in this scope; did you mean â€˜[01m[KLidarProperty[m[Kâ€™?
[5.026s]    36 |     set_bool_prop(laser_, [01;31m[KLidarPropHeartBeat[m[K,      false, get_logger());
[5.026s]       |                           [01;31m[K^~~~~~~~~~~~~~~~~~[m[K
[5.026s]       |                           [32m[KLidarProperty[m[K
[6.435s] gmake[2]: *** [CMakeFiles/gs2_node.dir/build.make:76: CMakeFiles/gs2_node.dir/src/gs2_node.cpp.o] Error 1
[6.435s] gmake[1]: *** [CMakeFiles/Makefile2:137: CMakeFiles/gs2_node.dir/all] Error 2
[6.435s] gmake: *** [Makefile:146: all] Error 2
[6.438s] Invoked command in '/home/potato/ws/build/gs2_publisher' returned '2': /usr/bin/cmake --build /home/potato/ws/build/gs2_publisher -- -j4 -l4
